2025-06-09 17:55:09,246 - werkzeug - INFO -  * Detected change in 'C:\\Users\\HP\\PycharmProjects\\FaceVerificationApi\\app\\__init__.py', reloading
2025-06-09 17:55:09,248 - werkzeug - INFO -  * Detected change in 'C:\\Users\\HP\\PycharmProjects\\FaceVerificationApi\\app\\__init__.py', reloading
2025-06-09 17:55:11,554 - werkzeug - INFO -  * Restarting with watchdog (windowsapi)
2025-06-09 17:56:11,376 - werkzeug - INFO -  * Restarting with watchdog (windowsapi)
2025-06-09 17:56:12,118 - app - INFO - Logging setup completed
2025-06-09 17:56:12,118 - app - INFO - Logging setup completed
2025-06-09 17:56:25,861 - easyocr.easyocr - WARNING - Neither CUDA nor MPS are available - defaulting to CPU. Note: This module is much faster with a GPU.
2025-06-09 17:56:31,140 - werkzeug - WARNING -  * Debugger is active!
2025-06-09 17:56:31,164 - werkzeug - INFO -  * Debugger PIN: 151-674-093
2025-06-09 17:57:12,478 - werkzeug - INFO -  * Detected change in 'C:\\Users\\HP\\PycharmProjects\\FaceVerificationApi\\app\\__init__.py', reloading
2025-06-09 17:57:12,479 - werkzeug - INFO -  * Detected change in 'C:\\Users\\HP\\PycharmProjects\\FaceVerificationApi\\app\\__init__.py', reloading
2025-06-09 17:57:15,093 - werkzeug - INFO -  * Restarting with watchdog (windowsapi)
2025-06-09 18:01:00,306 - werkzeug - INFO -  * Restarting with watchdog (windowsapi)
2025-06-09 18:01:00,939 - app - INFO - Logging setup completed
2025-06-09 18:01:00,939 - app - INFO - Logging setup completed
2025-06-09 18:01:14,545 - easyocr.easyocr - WARNING - Neither CUDA nor MPS are available - defaulting to CPU. Note: This module is much faster with a GPU.
2025-06-09 18:01:20,242 - werkzeug - WARNING -  * Debugger is active!
2025-06-09 18:01:20,253 - werkzeug - INFO -  * Debugger PIN: 151-674-093
2025-06-09 18:01:20,685 - app.api.routes - INFO - here is image file --> <FileStorage: '1c3b78cff7ea408c327dde4a8cbeb9bf' ('application/octet-stream')>
2025-06-09 18:01:20,685 - app.api.routes - INFO - here is image file --> <FileStorage: '1c3b78cff7ea408c327dde4a8cbeb9bf' ('application/octet-stream')>
2025-06-09 18:01:21,620 - werkzeug - INFO - 127.0.0.1 - - [09/Jun/2025 18:01:21] "POST /face/get-embedding HTTP/1.1" 200 -
2025-06-09 18:04:38,688 - werkzeug - INFO -  * Detected change in 'C:\\Users\\HP\\PycharmProjects\\FaceVerificationApi\\app\\api\\routes.py', reloading
2025-06-09 18:04:38,693 - werkzeug - INFO -  * Detected change in 'C:\\Users\\HP\\PycharmProjects\\FaceVerificationApi\\app\\api\\routes.py', reloading
2025-06-09 18:04:40,614 - werkzeug - INFO -  * Restarting with watchdog (windowsapi)
2025-06-09 18:04:41,240 - app - INFO - Logging setup completed
2025-06-09 18:04:41,240 - app - INFO - Logging setup completed
2025-06-09 18:04:56,759 - easyocr.easyocr - WARNING - Neither CUDA nor MPS are available - defaulting to CPU. Note: This module is much faster with a GPU.
2025-06-09 18:05:01,452 - werkzeug - WARNING -  * Debugger is active!
2025-06-09 18:05:01,461 - werkzeug - INFO -  * Debugger PIN: 151-674-093
2025-06-09 18:07:49,778 - werkzeug - INFO -  * Detected change in 'C:\\Users\\HP\\PycharmProjects\\FaceVerificationApi\\app\\api\\routes.py', reloading
2025-06-09 18:07:49,783 - werkzeug - INFO -  * Detected change in 'C:\\Users\\HP\\PycharmProjects\\FaceVerificationApi\\app\\api\\routes.py', reloading
2025-06-09 18:07:53,679 - werkzeug - INFO -  * Restarting with watchdog (windowsapi)
2025-06-09 18:07:54,393 - app - INFO - Logging setup completed
2025-06-09 18:07:54,393 - app - INFO - Logging setup completed
2025-06-09 18:08:09,607 - easyocr.easyocr - WARNING - Neither CUDA nor MPS are available - defaulting to CPU. Note: This module is much faster with a GPU.
2025-06-09 18:08:14,477 - werkzeug - WARNING -  * Debugger is active!
2025-06-09 18:08:14,486 - werkzeug - INFO -  * Debugger PIN: 151-674-093
2025-06-09 18:17:17,821 - werkzeug - INFO -  * Detected change in 'C:\\Users\\HP\\PycharmProjects\\FaceVerificationApi\\app\\api\\routes.py', reloading
2025-06-09 18:17:17,823 - werkzeug - INFO -  * Detected change in 'C:\\Users\\HP\\PycharmProjects\\FaceVerificationApi\\app\\api\\routes.py', reloading
2025-06-09 18:17:19,687 - werkzeug - INFO -  * Restarting with watchdog (windowsapi)
2025-06-09 18:17:20,236 - app - INFO - Logging setup completed
2025-06-09 18:17:20,236 - app - INFO - Logging setup completed
2025-06-09 18:17:32,071 - easyocr.easyocr - WARNING - Neither CUDA nor MPS are available - defaulting to CPU. Note: This module is much faster with a GPU.
2025-06-09 18:17:36,925 - werkzeug - WARNING -  * Debugger is active!
2025-06-09 18:17:36,935 - werkzeug - INFO -  * Debugger PIN: 151-674-093
2025-06-09 18:18:56,897 - werkzeug - INFO -  * Detected change in 'C:\\Users\\HP\\PycharmProjects\\FaceVerificationApi\\app\\__init__.py', reloading
2025-06-09 18:18:56,939 - werkzeug - INFO -  * Detected change in 'C:\\Users\\HP\\PycharmProjects\\FaceVerificationApi\\app\\api\\routes.py', reloading
2025-06-09 18:18:56,941 - werkzeug - INFO -  * Detected change in 'C:\\Users\\HP\\PycharmProjects\\FaceVerificationApi\\app\\api\\routes.py', reloading
2025-06-09 18:18:58,415 - werkzeug - INFO -  * Restarting with watchdog (windowsapi)
2025-06-09 18:18:59,005 - app - INFO - Logging setup completed
2025-06-09 18:18:59,005 - app - INFO - Logging setup completed
2025-06-09 18:19:09,951 - easyocr.easyocr - WARNING - Neither CUDA nor MPS are available - defaulting to CPU. Note: This module is much faster with a GPU.
2025-06-09 18:19:15,902 - werkzeug - WARNING -  * Debugger is active!
2025-06-09 18:19:15,911 - werkzeug - INFO -  * Debugger PIN: 151-674-093
2025-06-09 18:20:11,864 - werkzeug - INFO -  * Detected change in 'C:\\Users\\HP\\PycharmProjects\\FaceVerificationApi\\app\\api\\routes.py', reloading
2025-06-09 18:20:11,867 - werkzeug - INFO -  * Detected change in 'C:\\Users\\HP\\PycharmProjects\\FaceVerificationApi\\app\\api\\routes.py', reloading
2025-06-09 18:20:14,527 - werkzeug - INFO -  * Restarting with watchdog (windowsapi)
2025-06-09 18:20:15,135 - app - INFO - Logging setup completed
2025-06-09 18:20:15,135 - app - INFO - Logging setup completed
2025-06-09 18:20:28,443 - easyocr.easyocr - WARNING - Neither CUDA nor MPS are available - defaulting to CPU. Note: This module is much faster with a GPU.
2025-06-09 18:20:33,203 - werkzeug - WARNING -  * Debugger is active!
2025-06-09 18:20:33,217 - werkzeug - INFO -  * Debugger PIN: 151-674-093
2025-06-09 18:23:11,199 - werkzeug - INFO -  * Detected change in 'C:\\Users\\HP\\PycharmProjects\\FaceVerificationApi\\app\\api\\routes.py', reloading
2025-06-09 18:23:11,270 - werkzeug - INFO -  * Detected change in 'C:\\Users\\HP\\PycharmProjects\\FaceVerificationApi\\app\\api\\routes.py', reloading
2025-06-09 18:23:13,397 - werkzeug - INFO -  * Restarting with watchdog (windowsapi)
2025-06-09 18:23:13,921 - app - INFO - Logging setup completed
2025-06-09 18:23:13,921 - app - INFO - Logging setup completed
2025-06-09 18:23:13,964 - werkzeug - WARNING -  * Debugger is active!
2025-06-09 18:23:13,978 - werkzeug - INFO -  * Debugger PIN: 365-325-336
2025-06-09 18:24:22,508 - werkzeug - INFO -  * Detected change in 'C:\\Users\\HP\\PycharmProjects\\FaceVerificationApi\\app\\api\\routes.py', reloading
2025-06-09 18:24:22,509 - werkzeug - INFO -  * Detected change in 'C:\\Users\\HP\\PycharmProjects\\FaceVerificationApi\\app\\api\\routes.py', reloading
2025-06-09 18:24:22,512 - werkzeug - INFO -  * Detected change in 'C:\\Users\\HP\\PycharmProjects\\FaceVerificationApi\\app\\api\\routes.py', reloading
2025-06-09 18:24:23,474 - werkzeug - INFO -  * Restarting with watchdog (windowsapi)
2025-06-09 18:24:23,979 - app - INFO - Logging setup completed
2025-06-09 18:24:23,979 - app - INFO - Logging setup completed
2025-06-09 18:24:36,944 - easyocr.easyocr - WARNING - Neither CUDA nor MPS are available - defaulting to CPU. Note: This module is much faster with a GPU.
2025-06-09 18:24:42,273 - werkzeug - WARNING -  * Debugger is active!
2025-06-09 18:24:42,285 - werkzeug - INFO -  * Debugger PIN: 151-674-093
2025-06-09 18:25:12,178 - werkzeug - INFO -  * Detected change in 'C:\\Users\\HP\\PycharmProjects\\FaceVerificationApi\\app\\api\\routes.py', reloading
2025-06-09 18:25:12,179 - werkzeug - INFO -  * Detected change in 'C:\\Users\\HP\\PycharmProjects\\FaceVerificationApi\\app\\api\\routes.py', reloading
2025-06-09 18:25:13,736 - werkzeug - INFO -  * Restarting with watchdog (windowsapi)
2025-06-09 18:25:14,280 - app - INFO - Logging setup completed
2025-06-09 18:25:14,280 - app - INFO - Logging setup completed
2025-06-09 18:25:27,228 - easyocr.easyocr - WARNING - Neither CUDA nor MPS are available - defaulting to CPU. Note: This module is much faster with a GPU.
2025-06-09 18:25:32,928 - werkzeug - WARNING -  * Debugger is active!
2025-06-09 18:25:32,937 - werkzeug - INFO -  * Debugger PIN: 151-674-093
2025-06-09 18:26:36,211 - app.api.routes - INFO - here is image file --> <FileStorage: 'b860be67099a6cd38813c84fe67647a6' ('application/octet-stream')>
2025-06-09 18:26:36,211 - app.api.routes - INFO - here is image file --> <FileStorage: 'b860be67099a6cd38813c84fe67647a6' ('application/octet-stream')>
2025-06-09 18:26:37,173 - werkzeug - INFO - 127.0.0.1 - - [09/Jun/2025 18:26:37] "POST /face/get-embedding HTTP/1.1" 200 -
2025-06-09 18:28:20,455 - app.api.routes - INFO - here is image file --> <FileStorage: 'c25a749fe25f95e26ee6dd492a7faa2b' ('application/octet-stream')>
2025-06-09 18:28:20,455 - app.api.routes - INFO - here is image file --> <FileStorage: 'c25a749fe25f95e26ee6dd492a7faa2b' ('application/octet-stream')>
2025-06-09 18:28:21,107 - werkzeug - INFO - 127.0.0.1 - - [09/Jun/2025 18:28:21] "POST /face/get-embedding HTTP/1.1" 200 -
2025-06-09 18:29:14,870 - app.api.routes - INFO - here is image file --> <FileStorage: 'd215ab0542df482e377d462cc5b58435' ('application/octet-stream')>
2025-06-09 18:29:14,870 - app.api.routes - INFO - here is image file --> <FileStorage: 'd215ab0542df482e377d462cc5b58435' ('application/octet-stream')>
2025-06-09 18:29:15,524 - werkzeug - INFO - 127.0.0.1 - - [09/Jun/2025 18:29:15] "POST /face/get-embedding HTTP/1.1" 200 -
2025-06-09 18:30:40,257 - app.api.routes - INFO - here is image file --> <FileStorage: 'd2c25bd47279aa6b7a45c00868174e57' ('application/octet-stream')>
2025-06-09 18:30:40,257 - app.api.routes - INFO - here is image file --> <FileStorage: 'd2c25bd47279aa6b7a45c00868174e57' ('application/octet-stream')>
2025-06-09 18:30:40,911 - werkzeug - INFO - 127.0.0.1 - - [09/Jun/2025 18:30:40] "POST /face/get-embedding HTTP/1.1" 200 -
2025-06-09 18:31:58,330 - app.api.routes - INFO - here is image file --> <FileStorage: '9622a7dc257e686aecdad24b471cefad' ('application/octet-stream')>
2025-06-09 18:31:58,330 - app.api.routes - INFO - here is image file --> <FileStorage: '9622a7dc257e686aecdad24b471cefad' ('application/octet-stream')>
2025-06-09 18:31:58,988 - werkzeug - INFO - 127.0.0.1 - - [09/Jun/2025 18:31:58] "POST /face/get-embedding HTTP/1.1" 200 -
2025-06-09 18:32:22,297 - app.api.routes - INFO - here is image file --> <FileStorage: '4762e9c54dac7fb69f85b767978ed6e5' ('application/octet-stream')>
2025-06-09 18:32:22,297 - app.api.routes - INFO - here is image file --> <FileStorage: '4762e9c54dac7fb69f85b767978ed6e5' ('application/octet-stream')>
2025-06-09 18:32:22,923 - werkzeug - INFO - 127.0.0.1 - - [09/Jun/2025 18:32:22] "POST /face/get-embedding HTTP/1.1" 200 -
2025-06-09 18:32:46,638 - app.api.routes - INFO - here is image file --> <FileStorage: '59b6b6a63f354fa1cc6ad9b77b6cf468' ('application/octet-stream')>
2025-06-09 18:32:46,638 - app.api.routes - INFO - here is image file --> <FileStorage: '59b6b6a63f354fa1cc6ad9b77b6cf468' ('application/octet-stream')>
2025-06-09 18:32:47,316 - werkzeug - INFO - 127.0.0.1 - - [09/Jun/2025 18:32:47] "POST /face/get-embedding HTTP/1.1" 200 -
2025-06-09 18:33:13,225 - app.api.routes - INFO - here is image file --> <FileStorage: 'f1344ade7bee5169b8756d3a2f206b3d' ('application/octet-stream')>
2025-06-09 18:33:13,225 - app.api.routes - INFO - here is image file --> <FileStorage: 'f1344ade7bee5169b8756d3a2f206b3d' ('application/octet-stream')>
2025-06-09 18:33:13,904 - werkzeug - INFO - 127.0.0.1 - - [09/Jun/2025 18:33:13] "POST /face/get-embedding HTTP/1.1" 200 -
2025-06-09 18:35:11,458 - app.api.routes - INFO - here is image file --> <FileStorage: 'f4448027dce513b2c664ff4e32ae0078' ('application/octet-stream')>
2025-06-09 18:35:11,458 - app.api.routes - INFO - here is image file --> <FileStorage: 'f4448027dce513b2c664ff4e32ae0078' ('application/octet-stream')>
2025-06-09 18:35:12,410 - werkzeug - INFO - 127.0.0.1 - - [09/Jun/2025 18:35:12] "POST /face/get-embedding HTTP/1.1" 200 -
2025-06-09 18:35:40,971 - app.api.routes - INFO - here is image file --> <FileStorage: 'f6cf8c3fd50220418f271b6e7157975d' ('application/octet-stream')>
2025-06-09 18:35:40,971 - app.api.routes - INFO - here is image file --> <FileStorage: 'f6cf8c3fd50220418f271b6e7157975d' ('application/octet-stream')>
2025-06-09 18:35:41,624 - werkzeug - INFO - 127.0.0.1 - - [09/Jun/2025 18:35:41] "POST /face/get-embedding HTTP/1.1" 200 -
2025-06-09 18:36:45,497 - app.api.routes - INFO - here is image file --> <FileStorage: 'ad40d5a88a3093999d2a5bf3fb2c2d39' ('application/octet-stream')>
2025-06-09 18:36:45,497 - app.api.routes - INFO - here is image file --> <FileStorage: 'ad40d5a88a3093999d2a5bf3fb2c2d39' ('application/octet-stream')>
2025-06-09 18:36:46,153 - werkzeug - INFO - 127.0.0.1 - - [09/Jun/2025 18:36:46] "POST /face/get-embedding HTTP/1.1" 200 -
2025-06-09 18:37:18,956 - app.api.routes - INFO - here is image file --> <FileStorage: '5944a5ca50759b550152396255637186' ('application/octet-stream')>
2025-06-09 18:37:18,956 - app.api.routes - INFO - here is image file --> <FileStorage: '5944a5ca50759b550152396255637186' ('application/octet-stream')>
2025-06-09 18:37:19,625 - werkzeug - INFO - 127.0.0.1 - - [09/Jun/2025 18:37:19] "POST /face/get-embedding HTTP/1.1" 200 -
2025-06-09 18:38:09,879 - app.api.routes - INFO - here is image file --> <FileStorage: '3f7c27ada8627f2e4495c9230390bab2' ('application/octet-stream')>
2025-06-09 18:38:09,879 - app.api.routes - INFO - here is image file --> <FileStorage: '3f7c27ada8627f2e4495c9230390bab2' ('application/octet-stream')>
2025-06-09 18:38:10,524 - werkzeug - INFO - 127.0.0.1 - - [09/Jun/2025 18:38:10] "POST /face/get-embedding HTTP/1.1" 200 -
2025-06-09 18:39:40,427 - app.api.routes - INFO - here is image file --> <FileStorage: 'dca6ca83b3b47075be97b6be127c06a4' ('application/octet-stream')>
2025-06-09 18:39:40,427 - app.api.routes - INFO - here is image file --> <FileStorage: 'dca6ca83b3b47075be97b6be127c06a4' ('application/octet-stream')>
2025-06-09 18:39:41,055 - werkzeug - INFO - 127.0.0.1 - - [09/Jun/2025 18:39:41] "POST /face/get-embedding HTTP/1.1" 200 -
2025-06-09 19:51:59,717 - app.api.routes - INFO - here is image file --> <FileStorage: 'image2.jpg' ('image/jpeg')>
2025-06-09 19:51:59,717 - app.api.routes - INFO - here is image file --> <FileStorage: 'image2.jpg' ('image/jpeg')>
2025-06-09 19:52:02,281 - werkzeug - INFO - 127.0.0.1 - - [09/Jun/2025 19:52:02] "POST /face/get-embedding HTTP/1.1" 200 -
2025-06-09 19:52:25,519 - app.api.routes - INFO - here is image file --> <FileStorage: 'bb930c7d8bc10089b57a48160650738d' ('application/octet-stream')>
2025-06-09 19:52:25,519 - app.api.routes - INFO - here is image file --> <FileStorage: 'bb930c7d8bc10089b57a48160650738d' ('application/octet-stream')>
2025-06-09 19:52:28,901 - werkzeug - INFO - 127.0.0.1 - - [09/Jun/2025 19:52:28] "POST /face/get-embedding HTTP/1.1" 200 -
2025-06-09 19:54:19,845 - werkzeug - INFO - 127.0.0.1 - - [09/Jun/2025 19:54:19] "POST /face/verify HTTP/1.1" 200 -
2025-06-09 19:57:01,517 - werkzeug - INFO -  * Detected change in 'C:\\Users\\HP\\PycharmProjects\\FaceVerificationApi\\app\\api\\routes.py', reloading
2025-06-09 19:57:01,520 - werkzeug - INFO -  * Detected change in 'C:\\Users\\HP\\PycharmProjects\\FaceVerificationApi\\app\\api\\routes.py', reloading
2025-06-09 19:57:07,011 - werkzeug - INFO -  * Restarting with watchdog (windowsapi)
2025-06-09 19:57:08,260 - app - INFO - Logging setup completed
2025-06-09 19:57:08,260 - app - INFO - Logging setup completed
2025-06-09 19:57:36,251 - easyocr.easyocr - WARNING - Neither CUDA nor MPS are available - defaulting to CPU. Note: This module is much faster with a GPU.
2025-06-09 19:57:43,635 - werkzeug - WARNING -  * Debugger is active!
2025-06-09 19:57:43,647 - werkzeug - INFO -  * Debugger PIN: 151-674-093
2025-06-09 19:57:59,731 - app.api.routes - INFO - similarity --> 1.0
2025-06-09 19:57:59,731 - app.api.routes - INFO - similarity --> 1.0
2025-06-09 19:57:59,736 - werkzeug - INFO - 127.0.0.1 - - [09/Jun/2025 19:57:59] "POST /face/verify HTTP/1.1" 200 -
2025-06-09 19:59:25,517 - app.api.routes - INFO - similarity --> 1.0
2025-06-09 19:59:25,517 - app.api.routes - INFO - similarity --> 1.0
2025-06-09 19:59:25,521 - werkzeug - INFO - 127.0.0.1 - - [09/Jun/2025 19:59:25] "POST /face/verify HTTP/1.1" 200 -
2025-06-09 20:00:45,977 - app.api.routes - INFO - similarity --> 1.0
2025-06-09 20:00:45,977 - app.api.routes - INFO - similarity --> 1.0
2025-06-09 20:00:45,979 - werkzeug - INFO - 127.0.0.1 - - [09/Jun/2025 20:00:45] "POST /face/verify HTTP/1.1" 200 -
2025-06-09 20:02:01,619 - app.api.routes - INFO - similarity --> 1.0
2025-06-09 20:02:01,619 - app.api.routes - INFO - similarity --> 1.0
2025-06-09 20:02:01,623 - werkzeug - INFO - 127.0.0.1 - - [09/Jun/2025 20:02:01] "POST /face/verify HTTP/1.1" 200 -
2025-06-09 20:02:46,385 - app.api.routes - INFO - similarity --> 1.0
2025-06-09 20:02:46,385 - app.api.routes - INFO - similarity --> 1.0
2025-06-09 20:02:46,387 - werkzeug - INFO - 127.0.0.1 - - [09/Jun/2025 20:02:46] "POST /face/verify HTTP/1.1" 200 -
2025-06-09 20:03:00,954 - app.api.routes - INFO - here is image file --> <FileStorage: 'image1.jpg' ('image/jpeg')>
2025-06-09 20:03:00,954 - app.api.routes - INFO - here is image file --> <FileStorage: 'image1.jpg' ('image/jpeg')>
2025-06-09 20:03:05,840 - werkzeug - INFO - 127.0.0.1 - - [09/Jun/2025 20:03:05] "POST /face/get-embedding HTTP/1.1" 200 -
2025-06-09 20:03:28,913 - app.api.routes - INFO - here is image file --> <FileStorage: 'cdff3adcaee404e9b831b0c1d890b65a' ('application/octet-stream')>
2025-06-09 20:03:28,913 - app.api.routes - INFO - here is image file --> <FileStorage: 'cdff3adcaee404e9b831b0c1d890b65a' ('application/octet-stream')>
2025-06-09 20:03:33,184 - werkzeug - INFO - 127.0.0.1 - - [09/Jun/2025 20:03:33] "POST /face/get-embedding HTTP/1.1" 200 -
2025-06-09 20:05:30,725 - werkzeug - INFO -  * Detected change in 'C:\\Users\\HP\\PycharmProjects\\FaceVerificationApi\\app\\api\\routes.py', reloading
2025-06-09 20:05:30,730 - werkzeug - INFO -  * Detected change in 'C:\\Users\\HP\\PycharmProjects\\FaceVerificationApi\\app\\api\\routes.py', reloading
2025-06-09 20:05:34,552 - werkzeug - INFO -  * Restarting with watchdog (windowsapi)
2025-06-09 20:05:35,559 - app - INFO - Logging setup completed
2025-06-09 20:05:35,559 - app - INFO - Logging setup completed
2025-06-09 20:06:05,436 - easyocr.easyocr - WARNING - Neither CUDA nor MPS are available - defaulting to CPU. Note: This module is much faster with a GPU.
2025-06-09 20:06:19,098 - werkzeug - WARNING -  * Debugger is active!
2025-06-09 20:06:19,145 - werkzeug - INFO -  * Debugger PIN: 151-674-093
2025-06-09 20:06:20,602 - app.api.routes - INFO - here is image file --> <FileStorage: 'ebaa2e2ac8a8fee5f829cdb220ac2dda' ('application/octet-stream')>
2025-06-09 20:06:20,602 - app.api.routes - INFO - here is image file --> <FileStorage: 'ebaa2e2ac8a8fee5f829cdb220ac2dda' ('application/octet-stream')>
2025-06-09 20:06:22,982 - werkzeug - INFO - 127.0.0.1 - - [09/Jun/2025 20:06:22] "POST /face/get-embedding HTTP/1.1" 200 -
2025-06-09 20:06:42,035 - app.api.routes - INFO - embedding --> [-0.04512234032154083, 0.028936903923749924, -0.01199339609593153, 0.04189667850732803, 0.05530054494738579, 0.06743521988391876, 0.05454559624195099, 0.02579863928258419, -0.05750594288110733, 0.05876382440328598], [0.02437513694167137, 0.017965931445360184, -0.052918341010808945, 0.012462160550057888, -0.014100112952291965, -0.04342183843255043, -0.006813356187194586, 0.1170227974653244, -0.034738387912511826, -0.0007858533645048738]
2025-06-09 20:06:42,035 - app.api.routes - INFO - embedding --> [-0.04512234032154083, 0.028936903923749924, -0.01199339609593153, 0.04189667850732803, 0.05530054494738579, 0.06743521988391876, 0.05454559624195099, 0.02579863928258419, -0.05750594288110733, 0.05876382440328598], [0.02437513694167137, 0.017965931445360184, -0.052918341010808945, 0.012462160550057888, -0.014100112952291965, -0.04342183843255043, -0.006813356187194586, 0.1170227974653244, -0.034738387912511826, -0.0007858533645048738]
2025-06-09 20:06:42,038 - app.api.routes - INFO - similarity --> -0.04732820330636436
2025-06-09 20:06:42,038 - app.api.routes - INFO - similarity --> -0.04732820330636436
2025-06-09 20:06:42,040 - werkzeug - INFO - 127.0.0.1 - - [09/Jun/2025 20:06:42] "POST /face/verify HTTP/1.1" 200 -
2025-06-09 20:42:22,193 - werkzeug - INFO -  * Detected change in 'c:\\users\\hp\\pycharmprojects\\faceverificationapi\\venv\\Lib\\site-packages\\torch\\utils\\data\\dataloader.py', reloading
2025-06-09 20:42:22,196 - werkzeug - INFO -  * Detected change in 'C:\\Users\\HP\\PycharmProjects\\FaceVerificationApi\\venv\\Lib\\site-packages\\torch\\utils\\data\\dataloader.py', reloading
2025-06-09 20:42:28,317 - werkzeug - INFO -  * Restarting with watchdog (windowsapi)
2025-06-09 20:42:29,885 - app - INFO - Logging setup completed
2025-06-09 20:42:29,885 - app - INFO - Logging setup completed
2025-06-09 20:43:02,419 - easyocr.easyocr - WARNING - Neither CUDA nor MPS are available - defaulting to CPU. Note: This module is much faster with a GPU.
2025-06-09 20:43:11,769 - werkzeug - WARNING -  * Debugger is active!
2025-06-09 20:43:11,797 - werkzeug - INFO -  * Debugger PIN: 151-674-093
2025-06-09 20:45:39,682 - werkzeug - INFO - 127.0.0.1 - - [09/Jun/2025 20:45:39] "POST /face/process-id HTTP/1.1" 200 -
